uikit/build/outputs/logs/manifest-merger-release-report.txt
-- Merging decision tree log ---
manifest
ADDED from project_cat的副本/uikit/AndroidManifest.xml:1:1-165:12
INJECTED from project_cat的副本/uikit/AndroidManifest.xml:1:1-165:12
INJECTED from project_cat的副本/uikit/AndroidManifest.xml:1:1-165:12
INJECTED from project_cat的副本/uikit/AndroidManifest.xml:1:1-165:12
INJECTED from project_cat的副本/uikit/AndroidManifest.xml:1:1-165:12
INJECTED from project_cat的副本/uikit/AndroidManifest.xml:1:1-165:12
INJECTED from project_cat的副本/uikit/AndroidManifest.xml:1:1-165:12
	package
		ADDED from project_cat的副本/uikit/AndroidManifest.xml:2:5-36
		INJECTED from project_cat的副本/uikit/AndroidManifest.xml
		INJECTED from project_cat的副本/uikit/AndroidManifest.xml
	android:versionName
		INJECTED from project_cat的副本/uikit/AndroidManifest.xml
		ADDED from project_cat的副本/uikit/AndroidManifest.xml:1:1-165:12
		INJECTED from project_cat的副本/uikit/AndroidManifest.xml
	android:versionCode
		INJECTED from project_cat的副本/uikit/AndroidManifest.xml
		ADDED from project_cat的副本/uikit/AndroidManifest.xml:1:1-165:12
		INJECTED from project_cat的副本/uikit/AndroidManifest.xml
	xmlns:android
		ADDED from project_cat的副本/uikit/AndroidManifest.xml:1:11-69
application
ADDED from project_cat的副本/uikit/AndroidManifest.xml:5:5-164:19
meta-data#com.netease.nim.uikit.support.glide.NIMGlideModule
ADDED from project_cat的副本/uikit/AndroidManifest.xml:7:9-9:42
	android:value
		ADDED from project_cat的副本/uikit/AndroidManifest.xml:9:13-40
	android:name
		ADDED from project_cat的副本/uikit/AndroidManifest.xml:8:13-78
activity#com.netease.nim.uikit.business.session.activity.P2PMessageActivity
ADDED from project_cat的副本/uikit/AndroidManifest.xml:14:9-19:14
	android:screenOrientation
		ADDED from project_cat的副本/uikit/AndroidManifest.xml:17:13-49
	android:configChanges
		ADDED from project_cat的副本/uikit/AndroidManifest.xml:16:13-63
	android:theme
		ADDED from project_cat的副本/uikit/AndroidManifest.xml:18:13-57
	android:name
		ADDED from project_cat的副本/uikit/AndroidManifest.xml:15:13-94
activity#com.netease.nim.uikit.business.session.activity.TeamMessageActivity
ADDED from project_cat的副本/uikit/AndroidManifest.xml:21:9-26:70
	android:screenOrientation
		ADDED from project_cat的副本/uikit/AndroidManifest.xml:24:13-49
	android:windowSoftInputMode
		ADDED from project_cat的副本/uikit/AndroidManifest.xml:26:13-67
	android:configChanges
		ADDED from project_cat的副本/uikit/AndroidManifest.xml:23:13-63
	android:theme
		ADDED from project_cat的副本/uikit/AndroidManifest.xml:25:13-57
	android:name
		ADDED from project_cat的副本/uikit/AndroidManifest.xml:22:13-95
activity#com.netease.nim.uikit.business.team.activity.NormalTeamInfoActivity
ADDED from project_cat的副本/uikit/AndroidManifest.xml:29:9-34:70
	android:screenOrientation
		ADDED from project_cat的副本/uikit/AndroidManifest.xml:32:13-49
	android:windowSoftInputMode
		ADDED from project_cat的副本/uikit/AndroidManifest.xml:34:13-67
	android:configChanges
		ADDED from project_cat的副本/uikit/AndroidManifest.xml:31:13-63
	android:theme
		ADDED from project_cat的副本/uikit/AndroidManifest.xml:33:13-56
	android:name
		ADDED from project_cat的副本/uikit/AndroidManifest.xml:30:13-95
activity#com.netease.nim.uikit.business.team.activity.AdvancedTeamInfoActivity
ADDED from project_cat的副本/uikit/AndroidManifest.xml:37:9-42:70
	android:screenOrientation
		ADDED from project_cat的副本/uikit/AndroidManifest.xml:40:13-49
	android:windowSoftInputMode
		ADDED from project_cat的副本/uikit/AndroidManifest.xml:42:13-67
	android:configChanges
		ADDED from project_cat的副本/uikit/AndroidManifest.xml:39:13-63
	android:theme
		ADDED from project_cat的副本/uikit/AndroidManifest.xml:41:13-57
	android:name
		ADDED from project_cat的副本/uikit/AndroidManifest.xml:38:13-97
activity#com.netease.nim.uikit.business.team.activity.AdvancedTeamMemberActivity
ADDED from project_cat的副本/uikit/AndroidManifest.xml:44:9-49:70
	android:screenOrientation
		ADDED from project_cat的副本/uikit/AndroidManifest.xml:47:13-49
	android:windowSoftInputMode
		ADDED from project_cat的副本/uikit/AndroidManifest.xml:49:13-67
	android:configChanges
		ADDED from project_cat的副本/uikit/AndroidManifest.xml:46:13-63
	android:theme
		ADDED from project_cat的副本/uikit/AndroidManifest.xml:48:13-56
	android:name
		ADDED from project_cat的副本/uikit/AndroidManifest.xml:45:13-99
activity#com.netease.nim.uikit.business.team.activity.AdvancedTeamAnnounceActivity
ADDED from project_cat的副本/uikit/AndroidManifest.xml:51:9-56:70
	android:screenOrientation
		ADDED from project_cat的副本/uikit/AndroidManifest.xml:54:13-49
	android:windowSoftInputMode
		ADDED from project_cat的副本/uikit/AndroidManifest.xml:56:13-67
	android:configChanges
		ADDED from project_cat的副本/uikit/AndroidManifest.xml:53:13-63
	android:theme
		ADDED from project_cat的副本/uikit/AndroidManifest.xml:55:13-56
	android:name
		ADDED from project_cat的副本/uikit/AndroidManifest.xml:52:13-101
activity#com.netease.nim.uikit.business.team.activity.AdvancedTeamMemberInfoActivity
ADDED from project_cat的副本/uikit/AndroidManifest.xml:58:9-63:70
	android:screenOrientation
		ADDED from project_cat的副本/uikit/AndroidManifest.xml:61:13-49
	android:windowSoftInputMode
		ADDED from project_cat的副本/uikit/AndroidManifest.xml:63:13-67
	android:configChanges
		ADDED from project_cat的副本/uikit/AndroidManifest.xml:60:13-63
	android:theme
		ADDED from project_cat的副本/uikit/AndroidManifest.xml:62:13-56
	android:name
		ADDED from project_cat的副本/uikit/AndroidManifest.xml:59:13-103
activity#com.netease.nim.uikit.business.team.activity.AdvancedTeamNicknameActivity
ADDED from project_cat的副本/uikit/AndroidManifest.xml:65:9-70:70
	android:screenOrientation
		ADDED from project_cat的副本/uikit/AndroidManifest.xml:68:13-49
	android:windowSoftInputMode
		ADDED from project_cat的副本/uikit/AndroidManifest.xml:70:13-67
	android:configChanges
		ADDED from project_cat的副本/uikit/AndroidManifest.xml:67:13-63
	android:theme
		ADDED from project_cat的副本/uikit/AndroidManifest.xml:69:13-56
	android:name
		ADDED from project_cat的副本/uikit/AndroidManifest.xml:66:13-101
activity#com.netease.nim.uikit.business.team.activity.AdvancedTeamCreateAnnounceActivity
ADDED from project_cat的副本/uikit/AndroidManifest.xml:72:9-77:70
	android:screenOrientation
		ADDED from project_cat的副本/uikit/AndroidManifest.xml:75:13-49
	android:windowSoftInputMode
		ADDED from project_cat的副本/uikit/AndroidManifest.xml:77:13-67
	android:configChanges
		ADDED from project_cat的副本/uikit/AndroidManifest.xml:74:13-63
	android:theme
		ADDED from project_cat的副本/uikit/AndroidManifest.xml:76:13-56
	android:name
		ADDED from project_cat的副本/uikit/AndroidManifest.xml:73:13-107
activity#com.netease.nim.uikit.business.team.activity.TeamPropertySettingActivity
ADDED from project_cat的副本/uikit/AndroidManifest.xml:78:9-83:70
	android:screenOrientation
		ADDED from project_cat的副本/uikit/AndroidManifest.xml:81:13-49
	android:windowSoftInputMode
		ADDED from project_cat的副本/uikit/AndroidManifest.xml:83:13-67
	android:configChanges
		ADDED from project_cat的副本/uikit/AndroidManifest.xml:80:13-63
	android:theme
		ADDED from project_cat的副本/uikit/AndroidManifest.xml:82:13-56
	android:name
		ADDED from project_cat的副本/uikit/AndroidManifest.xml:79:13-100
activity#com.netease.nim.uikit.business.contact.selector.activity.ContactSelectActivity
ADDED from project_cat的副本/uikit/AndroidManifest.xml:86:9-92:67
	android:screenOrientation
		ADDED from project_cat的副本/uikit/AndroidManifest.xml:90:13-49
	android:label
		ADDED from project_cat的副本/uikit/AndroidManifest.xml:89:13-53
	android:windowSoftInputMode
		ADDED from project_cat的副本/uikit/AndroidManifest.xml:92:13-64
	android:configChanges
		ADDED from project_cat的副本/uikit/AndroidManifest.xml:88:13-63
	android:theme
		ADDED from project_cat的副本/uikit/AndroidManifest.xml:91:13-56
	android:name
		ADDED from project_cat的副本/uikit/AndroidManifest.xml:87:13-106
activity#com.netease.nim.uikit.business.ait.selector.AitContactSelectorActivity
ADDED from project_cat的副本/uikit/AndroidManifest.xml:95:9-97:64
	android:screenOrientation
		ADDED from project_cat的副本/uikit/AndroidManifest.xml:96:19-55
	android:theme
		ADDED from project_cat的副本/uikit/AndroidManifest.xml:97:19-62
	android:name
		ADDED from project_cat的副本/uikit/AndroidManifest.xml:95:19-83
activity#com.netease.nim.uikit.common.media.picker.activity.PickImageActivity
ADDED from project_cat的副本/uikit/AndroidManifest.xml:100:9-103:59
	android:screenOrientation
		ADDED from project_cat的副本/uikit/AndroidManifest.xml:102:13-49
	android:theme
		ADDED from project_cat的副本/uikit/AndroidManifest.xml:103:13-56
	android:name
		ADDED from project_cat的副本/uikit/AndroidManifest.xml:101:13-96
activity#com.netease.nim.uikit.common.media.picker.activity.CropImageActivity
ADDED from project_cat的副本/uikit/AndroidManifest.xml:104:9-107:58
	android:screenOrientation
		ADDED from project_cat的副本/uikit/AndroidManifest.xml:106:13-49
	android:theme
		ADDED from project_cat的副本/uikit/AndroidManifest.xml:107:13-56
	android:name
		ADDED from project_cat的副本/uikit/AndroidManifest.xml:105:13-96
activity#com.netease.nim.uikit.common.media.picker.activity.PickerAlbumActivity
ADDED from project_cat的副本/uikit/AndroidManifest.xml:108:9-111:59
	android:screenOrientation
		ADDED from project_cat的副本/uikit/AndroidManifest.xml:110:13-49
	android:theme
		ADDED from project_cat的副本/uikit/AndroidManifest.xml:111:13-56
	android:name
		ADDED from project_cat的副本/uikit/AndroidManifest.xml:109:13-98
activity#com.netease.nim.uikit.common.media.picker.activity.PickerAlbumPreviewActivity
ADDED from project_cat的副本/uikit/AndroidManifest.xml:112:9-115:59
	android:screenOrientation
		ADDED from project_cat的副本/uikit/AndroidManifest.xml:114:13-49
	android:theme
		ADDED from project_cat的副本/uikit/AndroidManifest.xml:115:13-56
	android:name
		ADDED from project_cat的副本/uikit/AndroidManifest.xml:113:13-105
activity#com.netease.nim.uikit.common.media.picker.activity.PreviewImageFromLocalActivity
ADDED from project_cat的副本/uikit/AndroidManifest.xml:116:9-121:58
	android:screenOrientation
		ADDED from project_cat的副本/uikit/AndroidManifest.xml:119:13-49
	android:windowSoftInputMode
		ADDED from project_cat的副本/uikit/AndroidManifest.xml:120:13-67
	android:configChanges
		ADDED from project_cat的副本/uikit/AndroidManifest.xml:118:13-63
	android:theme
		ADDED from project_cat的副本/uikit/AndroidManifest.xml:121:13-56
	android:name
		ADDED from project_cat的副本/uikit/AndroidManifest.xml:117:13-108
activity#com.netease.nim.uikit.common.media.picker.activity.PreviewImageFromCameraActivity
ADDED from project_cat的副本/uikit/AndroidManifest.xml:122:9-128:70
	android:screenOrientation
		ADDED from project_cat的副本/uikit/AndroidManifest.xml:126:13-49
	android:label
		ADDED from project_cat的副本/uikit/AndroidManifest.xml:125:13-53
	android:windowSoftInputMode
		ADDED from project_cat的副本/uikit/AndroidManifest.xml:128:13-67
	android:configChanges
		ADDED from project_cat的副本/uikit/AndroidManifest.xml:124:13-63
	android:theme
		ADDED from project_cat的副本/uikit/AndroidManifest.xml:127:13-56
	android:name
		ADDED from project_cat的副本/uikit/AndroidManifest.xml:123:13-109
activity#com.netease.nim.uikit.business.session.activity.CaptureVideoActivity
ADDED from project_cat的副本/uikit/AndroidManifest.xml:131:9-136:58
	android:screenOrientation
		ADDED from project_cat的副本/uikit/AndroidManifest.xml:134:13-49
	android:windowSoftInputMode
		ADDED from project_cat的副本/uikit/AndroidManifest.xml:135:13-67
	android:configChanges
		ADDED from project_cat的副本/uikit/AndroidManifest.xml:133:13-63
	android:theme
		ADDED from project_cat的副本/uikit/AndroidManifest.xml:136:13-56
	android:name
		ADDED from project_cat的副本/uikit/AndroidManifest.xml:132:13-96
activity#com.netease.nim.uikit.business.session.activity.WatchVideoActivity
ADDED from project_cat的副本/uikit/AndroidManifest.xml:138:9-142:48
	android:label
		ADDED from project_cat的副本/uikit/AndroidManifest.xml:141:13-47
	android:configChanges
		ADDED from project_cat的副本/uikit/AndroidManifest.xml:140:13-74
	android:theme
		ADDED from project_cat的副本/uikit/AndroidManifest.xml:142:13-45
	android:name
		ADDED from project_cat的副本/uikit/AndroidManifest.xml:139:13-94
activity#com.netease.nim.uikit.business.session.activity.WatchMessagePictureActivity
ADDED from project_cat的副本/uikit/AndroidManifest.xml:145:9-148:47
	android:configChanges
		ADDED from project_cat的副本/uikit/AndroidManifest.xml:147:13-51
	android:theme
		ADDED from project_cat的副本/uikit/AndroidManifest.xml:148:13-45
	android:name
		ADDED from project_cat的副本/uikit/AndroidManifest.xml:146:13-103
activity#com.netease.nim.uikit.business.session.activity.WatchPicAndVideoMenuActivity
ADDED from project_cat的副本/uikit/AndroidManifest.xml:150:9-152:47
	android:configChanges
		ADDED from project_cat的副本/uikit/AndroidManifest.xml:151:13-51
	android:theme
		ADDED from project_cat的副本/uikit/AndroidManifest.xml:152:13-45
	android:name
		ADDED from project_cat的副本/uikit/AndroidManifest.xml:150:19-89
provider#com.netease.nim.uikit.common.media.picker.model.GenericFileProvider
ADDED from project_cat的副本/uikit/AndroidManifest.xml:155:9-163:20
	android:grantUriPermissions
		ADDED from project_cat的副本/uikit/AndroidManifest.xml:159:13-47
	android:authorities
		ADDED from project_cat的副本/uikit/AndroidManifest.xml:157:13-73
	android:exported
		ADDED from project_cat的副本/uikit/AndroidManifest.xml:158:13-37
	android:name
		ADDED from project_cat的副本/uikit/AndroidManifest.xml:156:13-95
meta-data#android.support.FILE_PROVIDER_PATHS
ADDED from project_cat的副本/uikit/AndroidManifest.xml:160:13-162:57
	android:resource
		ADDED from project_cat的副本/uikit/AndroidManifest.xml:162:17-55
	android:name
		ADDED from project_cat的副本/uikit/AndroidManifest.xml:161:17-67
uses-sdk
INJECTED from project_cat的副本/uikit/AndroidManifest.xml reason: use-sdk injection requested
INJECTED from project_cat的副本/uikit/AndroidManifest.xml
INJECTED from project_cat的副本/uikit/AndroidManifest.xml
INJECTED from project_cat的副本/uikit/AndroidManifest.xml
INJECTED from project_cat的副本/uikit/AndroidManifest.xml
	android:targetSdkVersion
		INJECTED from project_cat的副本/uikit/AndroidManifest.xml
		ADDED from project_cat的副本/uikit/AndroidManifest.xml
		INJECTED from project_cat的副本/uikit/AndroidManifest.xml
	android:minSdkVersion
		INJECTED from project_cat的副本/uikit/AndroidManifest.xml
		ADDED from project_cat的副本/uikit/AndroidManifest.xml
		INJECTED from project_cat的副本/uikit/AndroidManifest.xml